2022-12-07 14:15:33 error tj3d[839401]: feeder/feeder.tjp:129: Cannot open include file feeder/a.tji
2022-12-08 15:40:40 error tj3d[1068834]: feeder/feeder1.tji:78: Date 2023-12-30-00:00-+0800 must be within the project time frame 2022-10-11-08:00-+0800  - 2023-10-11-08:00-+0800
2022-12-08 15:42:13 error tj3d[1069136]: feeder/feeder1.tji:110: Task A100.F0 has already been defined.
2022-12-08 15:42:34 error tj3d[1069248]: feeder/feeder1.tji:117: Task A100.F1.F102 has already been defined.
2022-12-09 17:48:15 error tj3d[1306614]: envc3/envc3.tji:9: Unexpected token 'start' found. Expecting one of 'min', 'h', 'd', 'w', 'm', 'y'
2022-12-09 17:54:53 error tj3d[1307991]: envc3/envc3.tjp:72: Sorting criterium expected (e.g. tree, start.up or plan.end.down).
2022-12-15 12:41:35 error tj3d[2597100]: eartag/eartag.tji:10: Scenario plan: Task t1.t12 has unknown depends t11
2022-12-15 12:43:43 error tj3d[2597501]: eartag/eartag.tji:10: Scenario plan: Task t1.t12 has unknown depends t11
2022-12-15 12:46:26 error tj3d[2598056]: eartag/eartag.tji:10: Scenario plan: Task t1.t12 has unknown depends t11
2022-12-15 12:46:36 error tj3d[2598122]: eartag/eartag.tji:10: Scenario plan: Task t1.t12 has unknown depends t11
2022-12-15 12:49:01 error tj3d[2598528]: eartag/eartag.tji:15: Scenario plan: Task t1.t13 has unknown depends t12
2022-12-15 12:51:32 error tj3d[2598988]: eartag/eartag.tji:10: Scenario plan: Task t1.t12 has unknown depends t11
2022-12-15 12:51:51 error tj3d[2599093]: eartag/eartag.tji:28: Scenario plan: Task t2.t21 has unknown depends t14
2022-12-15 12:54:28 error tj3d[2599553]: eartag/eartag.tji:56: Scenario plan: Task t3.t31 has unknown depends t3.t1.t14
2022-12-15 12:57:01 error tj3d[2600189]: Cannot listen on port 8474: Address already in use - bind(2) for "127.0.0.1" port 8474
2022-12-15 12:58:35 warning tj3d[1085115]: Report server (Project feeder report unknown) lost heartbeat from ProjectServer. Terminating.
2022-12-15 12:58:53 warning tj3d[2138876]: Report server (Project feeder report unknown) lost heartbeat from ProjectServer. Terminating.
2022-12-15 12:58:53 warning tj3d[1242003]: Report server (Project feeder report unknown) lost heartbeat from ProjectServer. Terminating.
2022-12-15 13:01:23 error tj3d[2601527]: Cannot listen on port 8474: Address already in use - bind(2) for "127.0.0.1" port 8474
2022-12-15 15:48:43 warning tj3d[25519]: Report server (Project eartag report unknown) lost heartbeat from ProjectServer. Terminating.
2022-12-23 09:21:00 error tj3d[1750323]: hs/hs.tjp:129: Cannot open include file hs/envc.tji
2022-12-28 15:02:58 warning tj3d[1161763]: Report server (Project prepare report unknown) lost heartbeat from ProjectServer. Terminating.
2022-12-29 02:05:39 fatal tj3d[1251158]: Connection reset by peer
/usr/lib/ruby/2.7.0/drb/drb.rb:580:in `read'
/usr/lib/ruby/2.7.0/drb/drb.rb:580:in `load'
/usr/lib/ruby/2.7.0/drb/drb.rb:639:in `recv_reply'
/usr/lib/ruby/2.7.0/drb/drb.rb:941:in `recv_reply'
/usr/lib/ruby/2.7.0/drb/drb.rb:1324:in `send_message'
/usr/lib/ruby/2.7.0/drb/drb.rb:1143:in `block (2 levels) in method_missing'
/usr/lib/ruby/2.7.0/drb/drb.rb:1302:in `open'
/usr/lib/ruby/2.7.0/drb/drb.rb:1142:in `block in method_missing'
/usr/lib/ruby/2.7.0/drb/drb.rb:1161:in `with_friend'
/usr/lib/ruby/2.7.0/drb/drb.rb:1141:in `method_missing'
/usr/lib/ruby/2.7.0/drb/drb.rb:1129:in `respond_to?'
/var/lib/gems/2.7.0/gems/taskjuggler-3.7.1/lib/taskjuggler/daemon/ProcessIntercom.rb:103:in `connect'
/var/lib/gems/2.7.0/gems/taskjuggler-3.7.1/lib/taskjuggler/daemon/ProcessIntercom.rb:56:in `block in connect'
/var/lib/gems/2.7.0/gems/taskjuggler-3.7.1/lib/taskjuggler/daemon/ProcessIntercom.rb:28:in `trap'
/var/lib/gems/2.7.0/gems/taskjuggler-3.7.1/lib/taskjuggler/daemon/ProcessIntercom.rb:56:in `connect'
/usr/lib/ruby/2.7.0/drb/drb.rb:1690:in `perform_without_block'
/usr/lib/ruby/2.7.0/drb/drb.rb:1646:in `perform'
/usr/lib/ruby/2.7.0/drb/drb.rb:1734:in `block (2 levels) in main_loop'
/usr/lib/ruby/2.7.0/drb/drb.rb:1730:in `loop'
/usr/lib/ruby/2.7.0/drb/drb.rb:1730:in `block in main_loop'

*******************************************************************************
You have triggered a bug in TaskJuggler version 3.7.1!
Please see the user manual on how to get this bug fixed!
*******************************************************************************

2022-12-29 09:48:51 error tj3d[1345790]: Cannot listen on port 8474: Address already in use - bind(2) for "127.0.0.1" port 8474
2022-12-29 09:50:06 error tj3d[1346323]: Project files must have a '.tjp' or '.tji' extension
2022-12-29 09:50:24 fatal tj3d[1273]: SIGTERM
/usr/lib/ruby/2.7.0/drb/drb.rb:1557:in `join'
/usr/lib/ruby/2.7.0/drb/drb.rb:1557:in `shutdown'
/usr/lib/ruby/2.7.0/drb/drb.rb:1529:in `stop_service'
/usr/lib/ruby/2.7.0/drb/drb.rb:1805:in `stop_service'
/var/lib/gems/2.7.0/gems/taskjuggler-3.7.1/lib/taskjuggler/daemon/ProjectBroker.rb:126:in `start'
/var/lib/gems/2.7.0/gems/taskjuggler-3.7.1/lib/taskjuggler/apps/Tj3Daemon.rb:115:in `appMain'
/var/lib/gems/2.7.0/gems/taskjuggler-3.7.1/lib/taskjuggler/Tj3AppBase.rb:160:in `main'
/var/lib/gems/2.7.0/gems/taskjuggler-3.7.1/lib/tj3d.rb:16:in `<top (required)>'
/usr/lib/ruby/vendor_ruby/rubygems/core_ext/kernel_require.rb:85:in `require'
/usr/lib/ruby/vendor_ruby/rubygems/core_ext/kernel_require.rb:85:in `require'
/var/lib/gems/2.7.0/gems/taskjuggler-3.7.1/bin/tj3d:4:in `<top (required)>'
/usr/local/bin/tj3d:23:in `load'
/usr/local/bin/tj3d:23:in `<main>'

*******************************************************************************
You have triggered a bug in TaskJuggler version 3.7.1!
Please see the user manual on how to get this bug fixed!
http://www.taskjuggler.org/tj3/manual/Reporting_Bugs.html#Reporting_Bugs_and_Feature_Requests
*******************************************************************************

